2013-10-19 00:21:22,822 [47] ERROR - account.verification An error occurred while getting provider information from the database. This can be caused by Entity Framework using an incorrect connection string. Check the inner exceptions for details and ensure that the connection string is correct.
2013-10-19 00:23:29,315 [7] ERROR - account.verification An error occurred while getting provider information from the database. This can be caused by Entity Framework using an incorrect connection string. Check the inner exceptions for details and ensure that the connection string is correct.
2013-10-19 00:24:06,650 [5] ERROR - account.verification An error occurred while getting provider information from the database. This can be caused by Entity Framework using an incorrect connection string. Check the inner exceptions for details and ensure that the connection string is correct.
2013-10-19 00:26:50,404 [6] ERROR - account.verification An error occurred while getting provider information from the database. This can be caused by Entity Framework using an incorrect connection string. Check the inner exceptions for details and ensure that the connection string is correct.
2013-10-19 00:29:48,661 [6] ERROR - account.verification An error occurred while getting provider information from the database. This can be caused by Entity Framework using an incorrect connection string. Check the inner exceptions for details and ensure that the connection string is correct.
2013-10-19 00:30:00,277 [5] ERROR - account.verification An error occurred while getting provider information from the database. This can be caused by Entity Framework using an incorrect connection string. Check the inner exceptions for details and ensure that the connection string is correct.
2013-10-19 00:30:01,249 [5] ERROR - account.verification An error occurred while getting provider information from the database. This can be caused by Entity Framework using an incorrect connection string. Check the inner exceptions for details and ensure that the connection string is correct.
2013-10-19 00:31:09,436 [5] ERROR - account.verification An error occurred while getting provider information from the database. This can be caused by Entity Framework using an incorrect connection string. Check the inner exceptions for details and ensure that the connection string is correct.
2013-10-19 00:31:42,960 [9] ERROR - main.mainmenu An error occurred while getting provider information from the database. This can be caused by Entity Framework using an incorrect connection string. Check the inner exceptions for details and ensure that the connection string is correct.
2013-10-19 00:31:42,960 [9] ERROR - main.index 执行处理程序“System.Web.Mvc.HttpHandlerUtil+ServerExecuteHttpHandlerAsyncWrapper”的子请求时出错。
2013-10-19 00:32:21,093 [5] ERROR - main.mainmenu An error occurred while getting provider information from the database. This can be caused by Entity Framework using an incorrect connection string. Check the inner exceptions for details and ensure that the connection string is correct.
2013-10-19 00:32:21,093 [5] ERROR - main.index 执行处理程序“System.Web.Mvc.HttpHandlerUtil+ServerExecuteHttpHandlerAsyncWrapper”的子请求时出错。
2013-10-19 00:33:30,425 [11] ERROR - main.mainmenu An error occurred while getting provider information from the database. This can be caused by Entity Framework using an incorrect connection string. Check the inner exceptions for details and ensure that the connection string is correct.
2013-10-19 00:33:30,443 [11] ERROR - main.index 执行处理程序“System.Web.Mvc.HttpHandlerUtil+ServerExecuteHttpHandlerAsyncWrapper”的子请求时出错。
2013-10-19 00:43:06,971 [7] ERROR - account.verification An error occurred while getting provider information from the database. This can be caused by Entity Framework using an incorrect connection string. Check the inner exceptions for details and ensure that the connection string is correct.
2013-10-19 00:46:08,062 [9] ERROR - account.verification An error occurred while getting provider information from the database. This can be caused by Entity Framework using an incorrect connection string. Check the inner exceptions for details and ensure that the connection string is correct.
2013-10-19 00:46:09,274 [7] ERROR - account.verification An error occurred while getting provider information from the database. This can be caused by Entity Framework using an incorrect connection string. Check the inner exceptions for details and ensure that the connection string is correct.
2013-10-19 00:46:09,839 [7] ERROR - account.verification An error occurred while getting provider information from the database. This can be caused by Entity Framework using an incorrect connection string. Check the inner exceptions for details and ensure that the connection string is correct.
2013-10-19 00:46:10,010 [7] ERROR - account.verification An error occurred while getting provider information from the database. This can be caused by Entity Framework using an incorrect connection string. Check the inner exceptions for details and ensure that the connection string is correct.
2013-10-19 00:46:10,182 [7] ERROR - account.verification An error occurred while getting provider information from the database. This can be caused by Entity Framework using an incorrect connection string. Check the inner exceptions for details and ensure that the connection string is correct.
2013-10-19 00:46:10,291 [7] ERROR - account.verification An error occurred while getting provider information from the database. This can be caused by Entity Framework using an incorrect connection string. Check the inner exceptions for details and ensure that the connection string is correct.
2013-10-19 00:46:10,426 [7] ERROR - account.verification An error occurred while getting provider information from the database. This can be caused by Entity Framework using an incorrect connection string. Check the inner exceptions for details and ensure that the connection string is correct.
2013-10-19 00:46:10,548 [7] ERROR - account.verification An error occurred while getting provider information from the database. This can be caused by Entity Framework using an incorrect connection string. Check the inner exceptions for details and ensure that the connection string is correct.
2013-10-19 00:55:33,990 [8] ERROR - account.verification An error occurred while getting provider information from the database. This can be caused by Entity Framework using an incorrect connection string. Check the inner exceptions for details and ensure that the connection string is correct.
2013-10-19 00:58:35,848 [3] ERROR - main.mainmenu An error occurred while getting provider information from the database. This can be caused by Entity Framework using an incorrect connection string. Check the inner exceptions for details and ensure that the connection string is correct.
2013-10-19 00:58:35,867 [3] ERROR - main.index 执行处理程序“System.Web.Mvc.HttpHandlerUtil+ServerExecuteHttpHandlerAsyncWrapper”的子请求时出错。
2013-10-19 01:11:00,498 [16] ERROR - account.verification An error occurred while getting provider information from the database. This can be caused by Entity Framework using an incorrect connection string. Check the inner exceptions for details and ensure that the connection string is correct.
2013-10-19 01:11:37,782 [17] ERROR - main.mainmenu An error occurred while getting provider information from the database. This can be caused by Entity Framework using an incorrect connection string. Check the inner exceptions for details and ensure that the connection string is correct.
2013-10-19 01:11:37,783 [17] ERROR - main.index 执行处理程序“System.Web.Mvc.HttpHandlerUtil+ServerExecuteHttpHandlerAsyncWrapper”的子请求时出错。
2013-10-19 01:18:28,479 [13] ERROR - main.mainmenu An error occurred while getting provider information from the database. This can be caused by Entity Framework using an incorrect connection string. Check the inner exceptions for details and ensure that the connection string is correct.
2013-10-19 01:18:28,498 [13] ERROR - main.index 执行处理程序“System.Web.Mvc.HttpHandlerUtil+ServerExecuteHttpHandlerAsyncWrapper”的子请求时出错。
2013-10-19 10:10:11,746 [7] ERROR - account.verification The ObjectContext instance has been disposed and can no longer be used for operations that require a connection.
2013-10-19 10:24:29,638 [14] ERROR - account.verification “object”未包含“url”的定义
2013-10-19 10:27:31,439 [7] ERROR - account.verification “object”未包含“url”的定义
2013-10-19 10:35:32,818 [6] ERROR - main.index 值不能为 null 或为空。
参数名: linkText
2013-10-19 10:36:39,318 [6] ERROR - main.index 值不能为 null 或为空。
参数名: linkText
2013-10-19 10:38:29,469 [5] ERROR - main.index 值不能为 null 或为空。
参数名: linkText
2013-10-19 14:44:01,117 [90] ERROR - purchase.requirelist “System.Dynamic.ExpandoObject”未包含“in_no”的定义
2013-10-19 14:44:38,000 [87] ERROR - purchase.requirelist “System.Dynamic.ExpandoObject”未包含“stophour”的定义
2013-10-19 15:39:47,201 [13] ERROR - account.verification The specified LINQ expression contains references to queries that are associated with different contexts.
2013-10-19 16:00:49,890 [13] ERROR - purchase.requireone d:\软件开发\code\ecoBio.Wms.Web\Views\purchase\requireone.cshtml(44): error CS0103: 当前上下文中不存在名称“htitle”
2013-10-19 16:01:30,018 [13] ERROR - purchase.requireone d:\软件开发\code\ecoBio.Wms.Web\Views\purchase\requireone.cshtml(63): error CS0103: 当前上下文中不存在名称“s1”
2013-10-19 16:01:51,092 [7] ERROR - purchase.requireone 子请求执行失败。有关更多信息，请检查 InnerException。
2013-10-19 16:02:43,938 [13] ERROR - purchase.requireone 子请求执行失败。有关更多信息，请检查 InnerException。
