2013-10-08 11:31:49,974 [7] ERROR - management.repairview 不允许子操作执行重定向操作。
2013-10-08 11:31:50,037 [7] ERROR - management.equipment 执行处理程序“System.Web.Mvc.HttpHandlerUtil+ServerExecuteHttpHandlerAsyncWrapper”的子请求时出错。
2013-10-08 11:33:51,575 [7] ERROR - management.repairview 不允许子操作执行重定向操作。
2013-10-08 11:33:51,593 [7] ERROR - management.equipment 执行处理程序“System.Web.Mvc.HttpHandlerUtil+ServerExecuteHttpHandlerAsyncWrapper”的子请求时出错。
2013-10-08 11:35:39,877 [42] ERROR - management.repairview 不允许子操作执行重定向操作。
2013-10-08 11:35:39,882 [42] ERROR - management.equipment 执行处理程序“System.Web.Mvc.HttpHandlerUtil+ServerExecuteHttpHandlerAsyncWrapper”的子请求时出错。
2013-10-08 12:13:52,951 [23] ERROR - management.repairview 不允许子操作执行重定向操作。
2013-10-08 12:13:52,956 [23] ERROR - management.equipment 执行处理程序“System.Web.Mvc.HttpHandlerUtil+ServerExecuteHttpHandlerAsyncWrapper”的子请求时出错。
2013-10-08 12:15:15,122 [46] ERROR - management.repairview 不允许子操作执行重定向操作。
2013-10-08 12:15:15,126 [46] ERROR - management.equipment 执行处理程序“System.Web.Mvc.HttpHandlerUtil+ServerExecuteHttpHandlerAsyncWrapper”的子请求时出错。
2013-10-08 12:48:17,946 [9] ERROR - costanalysis.priceecs d:\svn_code\local\20130710_CODE\ecoBio.Wms.Web\Views\costanalysis\priceecs.cshtml(32): error CS0103: 当前上下文中不存在名称“units”
2013-10-08 12:48:17,958 [9] ERROR - costanalysis.price 执行处理程序“System.Web.Mvc.HttpHandlerUtil+ServerExecuteHttpHandlerAsyncWrapper”的子请求时出错。
2013-10-08 15:51:01,585 [47] ERROR - datacenter.datainput 未将对象引用设置到对象的实例。
2013-10-08 15:54:15,058 [10] ERROR - datacenter.datainput 未将对象引用设置到对象的实例。
2013-10-08 15:54:38,081 [6] ERROR - datacenter.datainput 未将对象引用设置到对象的实例。
2013-10-08 15:55:23,041 [6] ERROR - datacenter.datainput 未将对象引用设置到对象的实例。
2013-10-08 15:55:25,476 [10] ERROR - datacenter.datainput 未将对象引用设置到对象的实例。
2013-10-08 15:55:26,377 [7] ERROR - datacenter.datainput 未将对象引用设置到对象的实例。
2013-10-08 15:55:27,269 [11] ERROR - datacenter.datainput 未将对象引用设置到对象的实例。
2013-10-08 15:55:28,544 [11] ERROR - datacenter.datainput 未将对象引用设置到对象的实例。
2013-10-08 15:55:29,396 [6] ERROR - datacenter.datainput 未将对象引用设置到对象的实例。
2013-10-08 18:02:08,020 [66] ERROR - datacenter.datainput 未将对象引用设置到对象的实例。
2013-10-08 18:02:10,197 [82] ERROR - datacenter.datainput 未将对象引用设置到对象的实例。
2013-10-08 18:02:56,144 [65] ERROR - datacenter.datainput 未将对象引用设置到对象的实例。
2013-10-08 18:28:59,585 [42] ERROR - partialpage.HistoryProcessQuery 未将对象引用设置到对象的实例。
2013-10-08 18:28:59,598 [42] ERROR - datacenter.dataquery 执行处理程序“System.Web.Mvc.HttpHandlerUtil+ServerExecuteHttpHandlerAsyncWrapper”的子请求时出错。
2013-10-08 20:56:02,600 [70] ERROR - material.forpdfy 未将对象引用设置到对象的实例。
2013-10-08 20:57:18,615 [8] ERROR - material.forpdfy 未将对象引用设置到对象的实例。
